<?xml version="1.0" encoding="UTF-8"?>
<!-- Generated by org.testng.reporters.JUnitReportReporter -->
<testsuite skipped="0" hostname="VIMAL" name="com.amazon.AppTest" tests="1" failures="0" timestamp="18 Dec 2021 19:58:43 GMT" time="0.004" errors="0">
  <testcase name="shouldAnswerWithTrue" time="0.004" classname="com.amazon.AppTest"/>
</testsuite> <!-- com.amazon.AppTest -->
